<?xml version="1.0" encoding="UTF-8"?>
<!-- Generated by org.testng.reporters.JUnitXMLReporter -->
<testsuite ignored="0" hostname="LWLT5CD048LZMF" failures="1" tests="1" name="Test" time="588.683" errors="0" timestamp="2022-03-30T17:03:20 BST">
  <testcase classname="testrunner.ExecuteTests" name="executeTests" time="584.877">
    <failure type="java.lang.RuntimeException" message="Test Cases are not passed 100%; so failing this build
 Percentage found : PASS :12.658228 : FAIL :1.2658228 : SKIP :86.07595">
      <![CDATA[java.lang.RuntimeException: Test Cases are not passed 100%; so failing this build
 Percentage found : PASS :12.658228 : FAIL :1.2658228 : SKIP :86.07595
at testrunner.ExecuteTests.executeTests(ExecuteTests.java:380)
at java.base/java.util.ArrayList.forEach(ArrayList.java:1511)
... Removed 25 stack frames]]>
    </failure>
  </testcase> <!-- executeTests -->
</testsuite> <!-- Test -->
